[2021-05-02 18:27:14,452] [DEBUG] [base.py:parse_yaml:73] parse_yaml.path:/Users/chenshifeng/MyCode/PythonCode/SFtest/ui/conf/web/koubei/main_page.yml
[2021-05-02 18:27:14,453] [DEBUG] [base.py:parse_yaml:74] parse_yaml.func_name:login
[2021-05-02 18:27:14,460] [DEBUG] [base.py:find:62] find.by:id
[2021-05-02 18:27:14,460] [DEBUG] [base.py:find:63] find.locator:J-qrcode-target
[2021-05-02 18:27:14,632] [DEBUG] [base.py:find:62] find.by:id
[2021-05-02 18:27:14,632] [DEBUG] [base.py:find:63] find.locator:J-input-user
[2021-05-02 18:27:15,153] [DEBUG] [base.py:find:62] find.by:id
[2021-05-02 18:27:15,154] [DEBUG] [base.py:find:63] find.locator:password_rsainput
[2021-05-02 18:27:15,291] [DEBUG] [base.py:find:62] find.by:id
[2021-05-02 18:27:15,291] [DEBUG] [base.py:find:63] find.locator:J-login-btn
[2021-05-02 18:27:15,399] [DEBUG] [base.py:parse_yaml:73] parse_yaml.path:/Users/chenshifeng/MyCode/PythonCode/SFtest/ui/conf/web/koubei/main_page.yml
[2021-05-02 18:27:15,399] [DEBUG] [base.py:parse_yaml:74] parse_yaml.func_name:marketing_too_menu
[2021-05-02 18:27:15,405] [DEBUG] [base.py:find:62] find.by:xpath
[2021-05-02 18:27:15,405] [DEBUG] [base.py:find:63] find.locator://div[a="通用营销工具"]
[2021-05-02 18:34:05,439] [DEBUG] [base.py:parse_yaml:73] parse_yaml.path:/Users/chenshifeng/MyCode/PythonCode/SFtest/ui/conf/web/koubei/main_page.yml
[2021-05-02 18:34:05,440] [DEBUG] [base.py:parse_yaml:74] parse_yaml.func_name:login
[2021-05-02 18:34:05,446] [DEBUG] [base.py:find:62] find.by:id
[2021-05-02 18:34:05,447] [DEBUG] [base.py:find:63] find.locator:J-qrcode-target
[2021-05-02 18:34:05,619] [DEBUG] [base.py:find:62] find.by:id
[2021-05-02 18:34:05,619] [DEBUG] [base.py:find:63] find.locator:J-input-user
[2021-05-02 18:34:06,107] [DEBUG] [base.py:find:62] find.by:id
[2021-05-02 18:34:06,107] [DEBUG] [base.py:find:63] find.locator:password_rsainput
[2021-05-02 18:34:06,255] [DEBUG] [base.py:find:62] find.by:id
[2021-05-02 18:34:06,255] [DEBUG] [base.py:find:63] find.locator:J-login-btn
[2021-05-02 18:34:06,370] [DEBUG] [base.py:parse_yaml:73] parse_yaml.path:/Users/chenshifeng/MyCode/PythonCode/SFtest/ui/conf/web/koubei/main_page.yml
[2021-05-02 18:34:06,370] [DEBUG] [base.py:parse_yaml:74] parse_yaml.func_name:marketing_too_menu
[2021-05-02 18:34:06,375] [DEBUG] [base.py:find:62] find.by:xpath
[2021-05-02 18:34:06,375] [DEBUG] [base.py:find:63] find.locator://div[a="通用营销工具"]
[2021-05-02 18:55:55,676] [DEBUG] [base.py:parse_yaml:73] parse_yaml.path:/Users/chenshifeng/MyCode/PythonCode/SFtest/ui/conf/web/koubei/main_page.yml
[2021-05-02 18:55:55,677] [DEBUG] [base.py:parse_yaml:74] parse_yaml.func_name:login
[2021-05-02 18:55:55,683] [DEBUG] [base.py:find:62] find.by:id
[2021-05-02 18:55:55,684] [DEBUG] [base.py:find:63] find.locator:J-qrcode-target
[2021-05-02 18:55:55,852] [DEBUG] [base.py:find:62] find.by:id
[2021-05-02 18:55:55,852] [DEBUG] [base.py:find:63] find.locator:J-input-user
[2021-05-02 18:55:56,360] [DEBUG] [base.py:find:62] find.by:id
[2021-05-02 18:55:56,361] [DEBUG] [base.py:find:63] find.locator:password_rsainput
[2021-05-02 18:55:56,500] [DEBUG] [base.py:find:62] find.by:id
[2021-05-02 18:55:56,501] [DEBUG] [base.py:find:63] find.locator:J-login-btn
[2021-05-02 18:55:56,607] [DEBUG] [base.py:parse_yaml:73] parse_yaml.path:/Users/chenshifeng/MyCode/PythonCode/SFtest/ui/conf/web/koubei/main_page.yml
[2021-05-02 18:55:56,607] [DEBUG] [base.py:parse_yaml:74] parse_yaml.func_name:marketing_too_menu
[2021-05-02 18:55:56,614] [DEBUG] [base.py:find:62] find.by:xpath
[2021-05-02 18:55:56,614] [DEBUG] [base.py:find:63] find.locator://div[a="通用营销工具"]
[2021-05-02 18:58:39,768] [DEBUG] [base.py:parse_yaml:73] parse_yaml.path:/Users/chenshifeng/MyCode/PythonCode/SFtest/ui/conf/web/koubei/main_page.yml
[2021-05-02 18:58:39,768] [DEBUG] [base.py:parse_yaml:74] parse_yaml.func_name:item_table
[2021-05-02 18:58:39,774] [DEBUG] [base.py:find:62] find.by:xpath
[2021-05-02 18:58:39,774] [DEBUG] [base.py:find:63] find.locator://*[@id="create-activity"]//span[3]
[2021-05-02 18:58:40,373] [DEBUG] [base.py:parse_yaml:73] parse_yaml.path:/Users/chenshifeng/MyCode/PythonCode/SFtest/ui/conf/web/koubei/main_page.yml
[2021-05-02 18:58:40,373] [DEBUG] [base.py:parse_yaml:74] parse_yaml.func_name:item_pintuan
[2021-05-02 18:58:40,378] [DEBUG] [base.py:find:62] find.by:xpath
[2021-05-02 18:58:40,379] [DEBUG] [base.py:find:63] find.locator://*[@class="ITEM_GROUP_item"]/a
[2021-05-02 18:58:42,306] [DEBUG] [base.py:parse_yaml:73] parse_yaml.path:/Users/chenshifeng/MyCode/PythonCode/SFtest/ui/conf/web/koubei/main_page.yml
[2021-05-02 18:58:42,307] [DEBUG] [base.py:parse_yaml:74] parse_yaml.func_name:create_activity_button
[2021-05-02 18:58:42,314] [DEBUG] [base.py:find:62] find.by:xpath
[2021-05-02 18:58:42,314] [DEBUG] [base.py:find:63] find.locator://*[contains(@class,"create-base-button")]
[2021-05-02 18:58:44,418] [DEBUG] [base.py:parse_yaml:73] parse_yaml.path:/Users/chenshifeng/MyCode/PythonCode/SFtest/ui/conf/web/koubei/pintuan_page.yml
[2021-05-02 18:58:44,418] [DEBUG] [base.py:parse_yaml:74] parse_yaml.func_name:selection_button
[2021-05-02 18:58:44,423] [DEBUG] [base.py:find:62] find.by:xpath
[2021-05-02 18:58:44,423] [DEBUG] [base.py:find:63] find.locator://*[contains(@class,"anticon-plus")]
[2021-05-02 19:05:03,578] [DEBUG] [base.py:parse_yaml:73] parse_yaml.path:/Users/chenshifeng/MyCode/PythonCode/SFtest/ui/conf/web/koubei/main_page.yml
[2021-05-02 19:05:03,578] [DEBUG] [base.py:parse_yaml:74] parse_yaml.func_name:login
[2021-05-02 19:05:03,584] [DEBUG] [base.py:find:62] find.by:id
[2021-05-02 19:05:03,584] [DEBUG] [base.py:find:63] find.locator:J-qrcode-target
[2021-05-02 19:05:03,744] [DEBUG] [base.py:find:62] find.by:id
[2021-05-02 19:05:03,744] [DEBUG] [base.py:find:63] find.locator:J-input-user
[2021-05-02 19:05:04,241] [DEBUG] [base.py:find:62] find.by:id
[2021-05-02 19:05:04,242] [DEBUG] [base.py:find:63] find.locator:password_rsainput
[2021-05-02 19:05:04,384] [DEBUG] [base.py:find:62] find.by:id
[2021-05-02 19:05:04,385] [DEBUG] [base.py:find:63] find.locator:J-login-btn
[2021-05-02 19:05:04,493] [DEBUG] [base.py:parse_yaml:73] parse_yaml.path:/Users/chenshifeng/MyCode/PythonCode/SFtest/ui/conf/web/koubei/main_page.yml
[2021-05-02 19:05:04,493] [DEBUG] [base.py:parse_yaml:74] parse_yaml.func_name:marketing_too_menu
[2021-05-02 19:05:04,499] [DEBUG] [base.py:find:62] find.by:xpath
[2021-05-02 19:05:04,499] [DEBUG] [base.py:find:63] find.locator://div[a="通用营销工具"]
[2021-05-02 19:15:59,835] [DEBUG] [base.py:parse_yaml:73] parse_yaml.path:/Users/chenshifeng/MyCode/PythonCode/SFtest/ui/conf/web/koubei/main_page.yml
[2021-05-02 19:15:59,836] [DEBUG] [base.py:parse_yaml:74] parse_yaml.func_name:login
[2021-05-02 19:15:59,841] [DEBUG] [base.py:find:62] find.by:id
[2021-05-02 19:15:59,841] [DEBUG] [base.py:find:63] find.locator:J-qrcode-target
[2021-05-02 19:16:00,004] [DEBUG] [base.py:find:62] find.by:id
[2021-05-02 19:16:00,004] [DEBUG] [base.py:find:63] find.locator:J-input-user
[2021-05-02 19:16:00,533] [DEBUG] [base.py:find:62] find.by:id
[2021-05-02 19:16:00,533] [DEBUG] [base.py:find:63] find.locator:password_rsainput
[2021-05-02 19:16:00,673] [DEBUG] [base.py:find:62] find.by:id
[2021-05-02 19:16:00,673] [DEBUG] [base.py:find:63] find.locator:J-login-btn
[2021-05-02 19:16:00,778] [DEBUG] [base.py:parse_yaml:73] parse_yaml.path:/Users/chenshifeng/MyCode/PythonCode/SFtest/ui/conf/web/koubei/main_page.yml
[2021-05-02 19:16:00,778] [DEBUG] [base.py:parse_yaml:74] parse_yaml.func_name:marketing_too_menu
[2021-05-02 19:16:00,784] [DEBUG] [base.py:find:62] find.by:xpath
[2021-05-02 19:16:00,784] [DEBUG] [base.py:find:63] find.locator://div[a="通用营销工具"]
[2021-05-02 19:25:04,616] [DEBUG] [base.py:parse_yaml:73] parse_yaml.path:/Users/chenshifeng/MyCode/PythonCode/SFtest/ui/conf/web/koubei/main_page.yml
[2021-05-02 19:25:04,616] [DEBUG] [base.py:parse_yaml:74] parse_yaml.func_name:login
[2021-05-02 19:25:04,623] [DEBUG] [base.py:find:62] find.by:id
[2021-05-02 19:25:04,623] [DEBUG] [base.py:find:63] find.locator:J-qrcode-target
[2021-05-02 19:25:04,784] [DEBUG] [base.py:find:62] find.by:id
[2021-05-02 19:25:04,784] [DEBUG] [base.py:find:63] find.locator:J-input-user
[2021-05-02 19:25:05,281] [DEBUG] [base.py:find:62] find.by:id
[2021-05-02 19:25:05,281] [DEBUG] [base.py:find:63] find.locator:password_rsainput
[2021-05-02 19:25:05,424] [DEBUG] [base.py:find:62] find.by:id
[2021-05-02 19:25:05,424] [DEBUG] [base.py:find:63] find.locator:J-login-btn
[2021-05-02 19:25:09,932] [DEBUG] [base.py:parse_yaml:73] parse_yaml.path:/Users/chenshifeng/MyCode/PythonCode/SFtest/ui/conf/web/koubei/pintuan_page.yml
[2021-05-02 19:25:09,933] [DEBUG] [base.py:parse_yaml:74] parse_yaml.func_name:selection_button
[2021-05-02 19:25:09,936] [DEBUG] [base.py:find:62] find.by:xpath
[2021-05-02 19:25:09,936] [DEBUG] [base.py:find:63] find.locator://*[contains(@class,"anticon-plus")]
[2021-05-02 19:33:05,272] [DEBUG] [base.py:parse_yaml:73] parse_yaml.path:/Users/chenshifeng/MyCode/PythonCode/SFtest/ui/conf/web/koubei/main_page.yml
[2021-05-02 19:33:05,273] [DEBUG] [base.py:parse_yaml:74] parse_yaml.func_name:login
[2021-05-02 19:33:05,279] [DEBUG] [base.py:find:62] find.by:id
[2021-05-02 19:33:05,279] [DEBUG] [base.py:find:63] find.locator:J-qrcode-target
[2021-05-02 19:33:05,444] [DEBUG] [base.py:find:62] find.by:id
[2021-05-02 19:33:05,444] [DEBUG] [base.py:find:63] find.locator:J-input-user
[2021-05-02 19:33:05,939] [DEBUG] [base.py:find:62] find.by:id
[2021-05-02 19:33:05,940] [DEBUG] [base.py:find:63] find.locator:password_rsainput
[2021-05-02 19:33:06,083] [DEBUG] [base.py:find:62] find.by:id
[2021-05-02 19:33:06,083] [DEBUG] [base.py:find:63] find.locator:J-login-btn
[2021-05-02 19:36:02,385] [DEBUG] [base.py:parse_yaml:73] parse_yaml.path:/Users/chenshifeng/MyCode/PythonCode/SFtest/ui/conf/web/koubei/main_page.yml
[2021-05-02 19:36:02,385] [DEBUG] [base.py:parse_yaml:74] parse_yaml.func_name:login
[2021-05-02 19:36:02,390] [DEBUG] [base.py:find:62] find.by:id
[2021-05-02 19:36:02,391] [DEBUG] [base.py:find:63] find.locator:J-qrcode-target
[2021-05-02 19:36:02,552] [DEBUG] [base.py:find:62] find.by:id
[2021-05-02 19:36:02,552] [DEBUG] [base.py:find:63] find.locator:J-input-user
[2021-05-02 19:36:03,038] [DEBUG] [base.py:find:62] find.by:id
[2021-05-02 19:36:03,038] [DEBUG] [base.py:find:63] find.locator:password_rsainput
[2021-05-02 19:36:03,183] [DEBUG] [base.py:find:62] find.by:id
[2021-05-02 19:36:03,183] [DEBUG] [base.py:find:63] find.locator:J-login-btn
[2021-05-02 19:40:29,878] [DEBUG] [base.py:parse_yaml:73] parse_yaml.path:/Users/chenshifeng/MyCode/PythonCode/SFtest/ui/conf/web/koubei/main_page.yml
[2021-05-02 19:40:29,883] [DEBUG] [base.py:parse_yaml:74] parse_yaml.func_name:login
[2021-05-02 19:40:29,890] [DEBUG] [base.py:find:62] find.by:id
[2021-05-02 19:40:29,893] [DEBUG] [base.py:find:63] find.locator:J-qrcode-target
[2021-05-02 19:40:30,107] [DEBUG] [base.py:find:62] find.by:id
[2021-05-02 19:40:30,108] [DEBUG] [base.py:find:63] find.locator:J-input-user
[2021-05-02 19:40:30,881] [DEBUG] [base.py:find:62] find.by:id
[2021-05-02 19:40:30,881] [DEBUG] [base.py:find:63] find.locator:password_rsainput
[2021-05-02 19:40:31,073] [DEBUG] [base.py:find:62] find.by:id
[2021-05-02 19:40:31,073] [DEBUG] [base.py:find:63] find.locator:J-login-btn
[2021-05-02 19:47:30,070] [DEBUG] [base.py:parse_yaml:73] parse_yaml.path:/Users/chenshifeng/MyCode/PythonCode/SFtest/ui/conf/web/koubei/main_page.yml
[2021-05-02 19:47:30,071] [DEBUG] [base.py:parse_yaml:74] parse_yaml.func_name:login
[2021-05-02 19:47:30,078] [DEBUG] [base.py:find:62] find.by:id
[2021-05-02 19:47:30,078] [DEBUG] [base.py:find:63] find.locator:J-qrcode-target
[2021-05-02 19:47:30,256] [DEBUG] [base.py:find:62] find.by:id
[2021-05-02 19:47:30,256] [DEBUG] [base.py:find:63] find.locator:J-input-user
[2021-05-02 19:47:30,868] [DEBUG] [base.py:find:62] find.by:id
[2021-05-02 19:47:30,869] [DEBUG] [base.py:find:63] find.locator:password_rsainput
[2021-05-02 19:47:31,024] [DEBUG] [base.py:find:62] find.by:id
[2021-05-02 19:47:31,025] [DEBUG] [base.py:find:63] find.locator:J-login-btn
[2021-05-02 19:47:39,318] [DEBUG] [base.py:parse_yaml:73] parse_yaml.path:/Users/chenshifeng/MyCode/PythonCode/SFtest/ui/conf/web/koubei/pintuan_page.yml
[2021-05-02 19:47:39,322] [DEBUG] [base.py:parse_yaml:74] parse_yaml.func_name:selection_button
[2021-05-02 19:47:39,330] [DEBUG] [base.py:find:62] find.by:xpath
[2021-05-02 19:47:39,331] [DEBUG] [base.py:find:63] find.locator://*[contains(@class,"anticon-plus")]
[2021-05-02 19:47:39,958] [DEBUG] [base.py:parse_yaml:73] parse_yaml.path:/Users/chenshifeng/MyCode/PythonCode/SFtest/ui/conf/web/koubei/pintuan_page.yml
[2021-05-02 19:47:39,958] [DEBUG] [base.py:parse_yaml:74] parse_yaml.func_name:item_table
[2021-05-02 19:47:39,962] [DEBUG] [base.py:find:62] find.by:xpath
[2021-05-02 19:47:39,963] [DEBUG] [base.py:find:63] find.locator:(//*[@class="ant-table-tbody"]//*[@class="ant-radio-wrapper"])[1]
[2021-05-02 19:47:41,085] [DEBUG] [base.py:parse_yaml:73] parse_yaml.path:/Users/chenshifeng/MyCode/PythonCode/SFtest/ui/conf/web/koubei/pintuan_page.yml
[2021-05-02 19:47:41,086] [DEBUG] [base.py:parse_yaml:74] parse_yaml.func_name:confirm_button
[2021-05-02 19:47:41,090] [DEBUG] [base.py:find:62] find.by:xpath
[2021-05-02 19:47:41,090] [DEBUG] [base.py:find:63] find.locator://*[@class="ant-modal-footer"]/button[span="确 定"]
[2021-05-03 12:12:43,003] [DEBUG] [base.py:parse_yaml:73] parse_yaml.path:/Users/chenshifeng/MyCode/PythonCode/SFtest/ui/conf/web/koubei/main_page.yml
[2021-05-03 12:12:43,005] [DEBUG] [base.py:parse_yaml:74] parse_yaml.func_name:login
[2021-05-03 12:12:43,010] [DEBUG] [base.py:find:62] find.by:id
[2021-05-03 12:12:43,011] [DEBUG] [base.py:find:63] find.locator:J-qrcode-target
[2021-05-03 12:12:43,178] [DEBUG] [base.py:find:62] find.by:id
[2021-05-03 12:12:43,178] [DEBUG] [base.py:find:63] find.locator:J-input-user
[2021-05-03 12:12:43,676] [DEBUG] [base.py:find:62] find.by:id
[2021-05-03 12:12:43,676] [DEBUG] [base.py:find:63] find.locator:password_rsainput
[2021-05-03 12:12:43,815] [DEBUG] [base.py:find:62] find.by:id
[2021-05-03 12:12:43,815] [DEBUG] [base.py:find:63] find.locator:J-login-btn
[2021-05-03 12:12:44,686] [DEBUG] [base.py:parse_yaml:73] parse_yaml.path:/Users/chenshifeng/MyCode/PythonCode/SFtest/ui/conf/web/koubei/pintuan_page.yml
[2021-05-03 12:12:44,686] [DEBUG] [base.py:parse_yaml:74] parse_yaml.func_name:selection_button
[2021-05-03 12:12:44,689] [DEBUG] [base.py:find:62] find.by:xpath
[2021-05-03 12:12:44,689] [DEBUG] [base.py:find:63] find.locator://*[contains(@class,"anticon-plus")]
[2021-05-03 12:13:45,612] [DEBUG] [base.py:parse_yaml:73] parse_yaml.path:/Users/chenshifeng/MyCode/PythonCode/SFtest/ui/conf/web/koubei/main_page.yml
[2021-05-03 12:13:45,613] [DEBUG] [base.py:parse_yaml:74] parse_yaml.func_name:login
[2021-05-03 12:13:45,619] [DEBUG] [base.py:find:62] find.by:id
[2021-05-03 12:13:45,619] [DEBUG] [base.py:find:63] find.locator:J-qrcode-target
[2021-05-03 12:13:45,799] [DEBUG] [base.py:find:62] find.by:id
[2021-05-03 12:13:45,799] [DEBUG] [base.py:find:63] find.locator:J-input-user
[2021-05-03 12:13:46,381] [DEBUG] [base.py:find:62] find.by:id
[2021-05-03 12:13:46,381] [DEBUG] [base.py:find:63] find.locator:password_rsainput
[2021-05-03 12:13:46,523] [DEBUG] [base.py:find:62] find.by:id
[2021-05-03 12:13:46,523] [DEBUG] [base.py:find:63] find.locator:J-login-btn
[2021-05-03 12:13:55,544] [DEBUG] [base.py:parse_yaml:73] parse_yaml.path:/Users/chenshifeng/MyCode/PythonCode/SFtest/ui/conf/web/koubei/pintuan_page.yml
[2021-05-03 12:13:55,548] [DEBUG] [base.py:parse_yaml:74] parse_yaml.func_name:selection_button
[2021-05-03 12:13:55,556] [DEBUG] [base.py:find:62] find.by:xpath
[2021-05-03 12:13:55,556] [DEBUG] [base.py:find:63] find.locator://*[contains(@class,"anticon-plus")]
[2021-05-03 12:13:56,182] [DEBUG] [base.py:parse_yaml:73] parse_yaml.path:/Users/chenshifeng/MyCode/PythonCode/SFtest/ui/conf/web/koubei/pintuan_page.yml
[2021-05-03 12:13:56,182] [DEBUG] [base.py:parse_yaml:74] parse_yaml.func_name:item_table
[2021-05-03 12:13:56,186] [DEBUG] [base.py:find:62] find.by:xpath
[2021-05-03 12:13:56,186] [DEBUG] [base.py:find:63] find.locator:(//*[@class="ant-table-tbody"]//*[@class="ant-radio-wrapper"])[1]
[2021-05-03 12:13:57,316] [DEBUG] [base.py:parse_yaml:73] parse_yaml.path:/Users/chenshifeng/MyCode/PythonCode/SFtest/ui/conf/web/koubei/pintuan_page.yml
[2021-05-03 12:13:57,317] [DEBUG] [base.py:parse_yaml:74] parse_yaml.func_name:confirm_button
[2021-05-03 12:13:57,320] [DEBUG] [base.py:find:62] find.by:xpath
[2021-05-03 12:13:57,320] [DEBUG] [base.py:find:63] find.locator://*[@class="ant-modal-footer"]/button[span="确 定"]
[2021-05-03 12:15:57,574] [DEBUG] [base.py:parse_yaml:73] parse_yaml.path:/Users/chenshifeng/MyCode/PythonCode/SFtest/ui/conf/web/koubei/main_page.yml
[2021-05-03 12:15:57,576] [DEBUG] [base.py:parse_yaml:74] parse_yaml.func_name:login
[2021-05-03 12:15:57,582] [DEBUG] [base.py:find:62] find.by:id
[2021-05-03 12:15:57,583] [DEBUG] [base.py:find:63] find.locator:J-qrcode-target
[2021-05-03 12:15:57,775] [DEBUG] [base.py:find:62] find.by:id
[2021-05-03 12:15:57,776] [DEBUG] [base.py:find:63] find.locator:J-input-user
[2021-05-03 12:15:58,385] [DEBUG] [base.py:find:62] find.by:id
[2021-05-03 12:15:58,385] [DEBUG] [base.py:find:63] find.locator:password_rsainput
[2021-05-03 12:15:58,536] [DEBUG] [base.py:find:62] find.by:id
[2021-05-03 12:15:58,536] [DEBUG] [base.py:find:63] find.locator:J-login-btn
[2021-05-03 12:15:59,643] [DEBUG] [base.py:parse_yaml:73] parse_yaml.path:/Users/chenshifeng/MyCode/PythonCode/SFtest/ui/conf/web/koubei/pintuan_page.yml
[2021-05-03 12:15:59,644] [DEBUG] [base.py:parse_yaml:74] parse_yaml.func_name:selection_button
[2021-05-03 12:15:59,647] [DEBUG] [base.py:find:62] find.by:xpath
[2021-05-03 12:15:59,647] [DEBUG] [base.py:find:63] find.locator://*[contains(@class,"anticon-plus")]
[2021-05-03 12:17:53,680] [DEBUG] [base.py:parse_yaml:73] parse_yaml.path:/Users/chenshifeng/MyCode/PythonCode/SFtest/ui/conf/web/koubei/main_page.yml
[2021-05-03 12:17:53,682] [DEBUG] [base.py:parse_yaml:74] parse_yaml.func_name:login
[2021-05-03 12:17:53,688] [DEBUG] [base.py:find:62] find.by:id
[2021-05-03 12:17:53,688] [DEBUG] [base.py:find:63] find.locator:J-qrcode-target
[2021-05-03 12:17:53,849] [DEBUG] [base.py:find:62] find.by:id
[2021-05-03 12:17:53,849] [DEBUG] [base.py:find:63] find.locator:J-input-user
[2021-05-03 12:17:54,362] [DEBUG] [base.py:find:62] find.by:id
[2021-05-03 12:17:54,363] [DEBUG] [base.py:find:63] find.locator:password_rsainput
[2021-05-03 12:17:54,499] [DEBUG] [base.py:find:62] find.by:id
[2021-05-03 12:17:54,499] [DEBUG] [base.py:find:63] find.locator:J-login-btn
[2021-05-03 12:20:34,165] [DEBUG] [base.py:parse_yaml:73] parse_yaml.path:/Users/chenshifeng/MyCode/PythonCode/SFtest/ui/conf/web/koubei/pintuan_page.yml
[2021-05-03 12:20:34,166] [DEBUG] [base.py:parse_yaml:74] parse_yaml.func_name:selection_button
[2021-05-03 12:20:34,169] [DEBUG] [base.py:find:62] find.by:xpath
[2021-05-03 12:20:34,170] [DEBUG] [base.py:find:63] find.locator://*[contains(@class,"anticon-plus")]
[2021-05-03 12:20:34,268] [DEBUG] [base.py:parse_yaml:73] parse_yaml.path:/Users/chenshifeng/MyCode/PythonCode/SFtest/ui/conf/web/koubei/pintuan_page.yml
[2021-05-03 12:20:34,268] [DEBUG] [base.py:parse_yaml:74] parse_yaml.func_name:item_table
[2021-05-03 12:20:34,271] [DEBUG] [base.py:find:62] find.by:xpath
[2021-05-03 12:20:34,271] [DEBUG] [base.py:find:63] find.locator:(//*[@class="ant-table-tbody"]//*[@class="ant-radio-wrapper"])[1]
[2021-05-03 12:20:35,385] [DEBUG] [base.py:parse_yaml:73] parse_yaml.path:/Users/chenshifeng/MyCode/PythonCode/SFtest/ui/conf/web/koubei/pintuan_page.yml
[2021-05-03 12:20:35,385] [DEBUG] [base.py:parse_yaml:74] parse_yaml.func_name:confirm_button
[2021-05-03 12:20:35,387] [DEBUG] [base.py:find:62] find.by:xpath
[2021-05-03 12:20:35,388] [DEBUG] [base.py:find:63] find.locator://*[@class="ant-modal-footer"]/button[span="确 定"]
[2021-05-03 12:24:45,828] [DEBUG] [base.py:parse_yaml:73] parse_yaml.path:/Users/chenshifeng/MyCode/PythonCode/SFtest/ui/conf/web/koubei/main_page.yml
[2021-05-03 12:24:45,828] [DEBUG] [base.py:parse_yaml:74] parse_yaml.func_name:login
[2021-05-03 12:24:45,834] [DEBUG] [base.py:find:62] find.by:id
[2021-05-03 12:24:45,834] [DEBUG] [base.py:find:63] find.locator:J-qrcode-target
[2021-05-03 12:24:47,097] [DEBUG] [base.py:find:62] find.by:id
[2021-05-03 12:24:47,097] [DEBUG] [base.py:find:63] find.locator:J-input-user
[2021-05-03 12:24:48,685] [DEBUG] [base.py:find:62] find.by:id
[2021-05-03 12:24:48,685] [DEBUG] [base.py:find:63] find.locator:password_rsainput
[2021-05-03 12:24:49,888] [DEBUG] [base.py:find:62] find.by:id
[2021-05-03 12:24:49,888] [DEBUG] [base.py:find:63] find.locator:J-login-btn
[2021-05-03 12:24:58,139] [DEBUG] [base.py:parse_yaml:73] parse_yaml.path:/Users/chenshifeng/MyCode/PythonCode/SFtest/ui/conf/web/koubei/pintuan_page.yml
[2021-05-03 12:24:58,139] [DEBUG] [base.py:parse_yaml:74] parse_yaml.func_name:selection_button
[2021-05-03 12:24:58,142] [DEBUG] [base.py:find:62] find.by:xpath
[2021-05-03 12:24:58,142] [DEBUG] [base.py:find:63] find.locator://*[contains(@class,"anticon-plus")]
[2021-05-03 12:24:59,242] [DEBUG] [base.py:parse_yaml:73] parse_yaml.path:/Users/chenshifeng/MyCode/PythonCode/SFtest/ui/conf/web/koubei/pintuan_page.yml
[2021-05-03 12:24:59,242] [DEBUG] [base.py:parse_yaml:74] parse_yaml.func_name:item_table
[2021-05-03 12:24:59,244] [DEBUG] [base.py:find:62] find.by:xpath
[2021-05-03 12:24:59,244] [DEBUG] [base.py:find:63] find.locator:(//*[@class="ant-table-tbody"]//*[@class="ant-radio-wrapper"])[1]
[2021-05-03 12:25:00,882] [DEBUG] [base.py:parse_yaml:73] parse_yaml.path:/Users/chenshifeng/MyCode/PythonCode/SFtest/ui/conf/web/koubei/pintuan_page.yml
[2021-05-03 12:25:00,882] [DEBUG] [base.py:parse_yaml:74] parse_yaml.func_name:confirm_button
[2021-05-03 12:25:00,885] [DEBUG] [base.py:find:62] find.by:xpath
[2021-05-03 12:25:00,885] [DEBUG] [base.py:find:63] find.locator://*[@class="ant-modal-footer"]/button[span="确 定"]
[2021-05-03 12:32:55,696] [DEBUG] [base.py:parse_yaml:73] parse_yaml.path:/Users/chenshifeng/MyCode/PythonCode/SFtest/ui/conf/web/koubei/main_page.yml
[2021-05-03 12:32:55,698] [DEBUG] [base.py:parse_yaml:74] parse_yaml.func_name:login
[2021-05-03 12:32:55,704] [DEBUG] [base.py:find:62] find.by:id
[2021-05-03 12:32:55,704] [DEBUG] [base.py:find:63] find.locator:J-qrcode-target
[2021-05-03 12:32:57,068] [DEBUG] [base.py:find:62] find.by:id
[2021-05-03 12:32:57,068] [DEBUG] [base.py:find:63] find.locator:J-input-user
[2021-05-03 12:32:58,807] [DEBUG] [base.py:find:62] find.by:id
[2021-05-03 12:32:58,808] [DEBUG] [base.py:find:63] find.locator:password_rsainput
[2021-05-03 12:33:00,096] [DEBUG] [base.py:find:62] find.by:id
[2021-05-03 12:33:00,096] [DEBUG] [base.py:find:63] find.locator:J-login-btn
[2021-05-03 12:35:41,385] [DEBUG] [base.py:parse_yaml:73] parse_yaml.path:/Users/chenshifeng/MyCode/PythonCode/SFtest/ui/conf/web/koubei/pintuan_page.yml
[2021-05-03 12:35:41,385] [DEBUG] [base.py:parse_yaml:74] parse_yaml.func_name:selection_button
[2021-05-03 12:35:41,389] [DEBUG] [base.py:find:62] find.by:xpath
[2021-05-03 12:35:41,389] [DEBUG] [base.py:find:63] find.locator://*[contains(@class,"anticon-plus")]
[2021-05-03 12:35:42,154] [DEBUG] [base.py:parse_yaml:73] parse_yaml.path:/Users/chenshifeng/MyCode/PythonCode/SFtest/ui/conf/web/koubei/pintuan_page.yml
[2021-05-03 12:35:42,155] [DEBUG] [base.py:parse_yaml:74] parse_yaml.func_name:item_table
[2021-05-03 12:35:42,157] [DEBUG] [base.py:find:62] find.by:xpath
[2021-05-03 12:35:42,158] [DEBUG] [base.py:find:63] find.locator:(//*[@class="ant-table-tbody"]//*[@class="ant-radio-wrapper"])[1]
[2021-05-03 12:35:43,902] [DEBUG] [base.py:parse_yaml:73] parse_yaml.path:/Users/chenshifeng/MyCode/PythonCode/SFtest/ui/conf/web/koubei/pintuan_page.yml
[2021-05-03 12:35:43,902] [DEBUG] [base.py:parse_yaml:74] parse_yaml.func_name:confirm_button
[2021-05-03 12:35:43,905] [DEBUG] [base.py:find:62] find.by:xpath
[2021-05-03 12:35:43,905] [DEBUG] [base.py:find:63] find.locator://*[@class="ant-modal-footer"]/button[span="确 定"]
[2021-05-03 12:44:10,869] [DEBUG] [base.py:parse_yaml:73] parse_yaml.path:/Users/chenshifeng/MyCode/PythonCode/SFtest/ui/conf/web/koubei/main_page.yml
[2021-05-03 12:44:10,870] [DEBUG] [base.py:parse_yaml:74] parse_yaml.func_name:login
[2021-05-03 12:44:10,876] [DEBUG] [base.py:find:62] find.by:id
[2021-05-03 12:44:10,876] [DEBUG] [base.py:find:63] find.locator:J-qrcode-target
[2021-05-03 12:44:12,131] [DEBUG] [base.py:find:62] find.by:id
[2021-05-03 12:44:12,131] [DEBUG] [base.py:find:63] find.locator:J-input-user
[2021-05-03 12:44:13,715] [DEBUG] [base.py:find:62] find.by:id
[2021-05-03 12:44:13,715] [DEBUG] [base.py:find:63] find.locator:password_rsainput
[2021-05-03 12:44:14,916] [DEBUG] [base.py:find:62] find.by:id
[2021-05-03 12:44:14,916] [DEBUG] [base.py:find:63] find.locator:J-login-btn
[2021-05-03 12:46:56,280] [DEBUG] [base.py:parse_yaml:73] parse_yaml.path:/Users/chenshifeng/MyCode/PythonCode/SFtest/ui/conf/web/koubei/pintuan_page.yml
[2021-05-03 12:46:56,282] [DEBUG] [base.py:parse_yaml:74] parse_yaml.func_name:selection_button
[2021-05-03 12:46:56,290] [DEBUG] [base.py:find:62] find.by:xpath
[2021-05-03 12:46:56,290] [DEBUG] [base.py:find:63] find.locator://*[contains(@class,"anticon-plus")]
[2021-05-03 12:46:57,043] [DEBUG] [base.py:parse_yaml:73] parse_yaml.path:/Users/chenshifeng/MyCode/PythonCode/SFtest/ui/conf/web/koubei/pintuan_page.yml
[2021-05-03 12:46:57,044] [DEBUG] [base.py:parse_yaml:74] parse_yaml.func_name:item_table
[2021-05-03 12:46:57,046] [DEBUG] [base.py:find:62] find.by:xpath
[2021-05-03 12:46:57,047] [DEBUG] [base.py:find:63] find.locator:(//*[@class="ant-table-tbody"]//*[@class="ant-radio-wrapper"])[1]
[2021-05-03 12:46:58,679] [DEBUG] [base.py:parse_yaml:73] parse_yaml.path:/Users/chenshifeng/MyCode/PythonCode/SFtest/ui/conf/web/koubei/pintuan_page.yml
[2021-05-03 12:46:58,679] [DEBUG] [base.py:parse_yaml:74] parse_yaml.func_name:confirm_button
[2021-05-03 12:46:58,682] [DEBUG] [base.py:find:62] find.by:xpath
[2021-05-03 12:46:58,682] [DEBUG] [base.py:find:63] find.locator://*[@class="ant-modal-footer"]/button[span="确 定"]
[2021-05-03 12:53:46,229] [DEBUG] [base.py:parse_yaml:73] parse_yaml.path:/Users/chenshifeng/MyCode/PythonCode/SFtest/ui/conf/web/koubei/main_page.yml
[2021-05-03 12:53:46,230] [DEBUG] [base.py:parse_yaml:74] parse_yaml.func_name:login
[2021-05-03 12:53:46,236] [DEBUG] [base.py:find:62] find.by:id
[2021-05-03 12:53:46,236] [DEBUG] [base.py:find:63] find.locator:J-qrcode-target
[2021-05-03 12:53:47,723] [DEBUG] [base.py:find:62] find.by:id
[2021-05-03 12:53:47,723] [DEBUG] [base.py:find:63] find.locator:J-input-user
[2021-05-03 12:53:49,754] [DEBUG] [base.py:find:62] find.by:id
[2021-05-03 12:53:49,755] [DEBUG] [base.py:find:63] find.locator:password_rsainput
[2021-05-03 12:53:51,496] [DEBUG] [base.py:find:62] find.by:id
[2021-05-03 12:53:51,499] [DEBUG] [base.py:find:63] find.locator:J-login-btn
[2021-05-03 12:54:00,614] [DEBUG] [base.py:parse_yaml:73] parse_yaml.path:/Users/chenshifeng/MyCode/PythonCode/SFtest/ui/conf/web/koubei/pintuan_page.yml
[2021-05-03 12:54:00,614] [DEBUG] [base.py:parse_yaml:74] parse_yaml.func_name:selection_button
[2021-05-03 12:54:00,618] [DEBUG] [base.py:find:62] find.by:xpath
[2021-05-03 12:54:00,618] [DEBUG] [base.py:find:63] find.locator://*[contains(@class,"anticon-plus")]
[2021-05-03 12:54:01,784] [DEBUG] [base.py:parse_yaml:73] parse_yaml.path:/Users/chenshifeng/MyCode/PythonCode/SFtest/ui/conf/web/koubei/pintuan_page.yml
[2021-05-03 12:54:01,784] [DEBUG] [base.py:parse_yaml:74] parse_yaml.func_name:item_table
[2021-05-03 12:54:01,787] [DEBUG] [base.py:find:62] find.by:xpath
[2021-05-03 12:54:01,787] [DEBUG] [base.py:find:63] find.locator:(//*[@class="ant-table-tbody"]//*[@class="ant-radio-wrapper"])[1]
[2021-05-03 12:54:03,494] [DEBUG] [base.py:parse_yaml:73] parse_yaml.path:/Users/chenshifeng/MyCode/PythonCode/SFtest/ui/conf/web/koubei/pintuan_page.yml
[2021-05-03 12:54:03,495] [DEBUG] [base.py:parse_yaml:74] parse_yaml.func_name:confirm_button
[2021-05-03 12:54:03,498] [DEBUG] [base.py:find:62] find.by:xpath
[2021-05-03 12:54:03,498] [DEBUG] [base.py:find:63] find.locator://*[@class="ant-modal-footer"]/button[span="确 定"]
[2021-05-03 12:55:32,994] [DEBUG] [base.py:parse_yaml:73] parse_yaml.path:/Users/chenshifeng/MyCode/PythonCode/SFtest/ui/conf/web/koubei/main_page.yml
[2021-05-03 12:55:32,996] [DEBUG] [base.py:parse_yaml:74] parse_yaml.func_name:login
[2021-05-03 12:55:33,007] [DEBUG] [base.py:find:62] find.by:id
[2021-05-03 12:55:33,007] [DEBUG] [base.py:find:63] find.locator:J-qrcode-target
[2021-05-03 12:55:34,740] [DEBUG] [base.py:find:62] find.by:id
[2021-05-03 12:55:34,741] [DEBUG] [base.py:find:63] find.locator:J-input-user
[2021-05-03 12:55:37,198] [DEBUG] [base.py:find:62] find.by:id
[2021-05-03 12:55:37,198] [DEBUG] [base.py:find:63] find.locator:password_rsainput
[2021-05-03 12:55:38,731] [DEBUG] [base.py:find:62] find.by:id
[2021-05-03 12:55:38,733] [DEBUG] [base.py:find:63] find.locator:J-login-btn
[2021-05-03 12:58:20,694] [DEBUG] [base.py:parse_yaml:73] parse_yaml.path:/Users/chenshifeng/MyCode/PythonCode/SFtest/ui/conf/web/koubei/pintuan_page.yml
[2021-05-03 12:58:20,696] [DEBUG] [base.py:parse_yaml:74] parse_yaml.func_name:selection_button
[2021-05-03 12:58:20,702] [DEBUG] [base.py:find:62] find.by:xpath
[2021-05-03 12:58:20,702] [DEBUG] [base.py:find:63] find.locator://*[contains(@class,"anticon-plus")]
[2021-05-03 12:58:21,407] [DEBUG] [base.py:parse_yaml:73] parse_yaml.path:/Users/chenshifeng/MyCode/PythonCode/SFtest/ui/conf/web/koubei/pintuan_page.yml
[2021-05-03 12:58:21,407] [DEBUG] [base.py:parse_yaml:74] parse_yaml.func_name:item_table
[2021-05-03 12:58:21,412] [DEBUG] [base.py:find:62] find.by:xpath
[2021-05-03 12:58:21,412] [DEBUG] [base.py:find:63] find.locator:(//*[@class="ant-table-tbody"]//*[@class="ant-radio-wrapper"])[1]
[2021-05-03 12:58:23,174] [DEBUG] [base.py:parse_yaml:73] parse_yaml.path:/Users/chenshifeng/MyCode/PythonCode/SFtest/ui/conf/web/koubei/pintuan_page.yml
[2021-05-03 12:58:23,175] [DEBUG] [base.py:parse_yaml:74] parse_yaml.func_name:confirm_button
[2021-05-03 12:58:23,180] [DEBUG] [base.py:find:62] find.by:xpath
[2021-05-03 12:58:23,180] [DEBUG] [base.py:find:63] find.locator://*[@class="ant-modal-footer"]/button[span="确 定"]
[2021-05-03 13:00:39,421] [DEBUG] [base.py:parse_yaml:73] parse_yaml.path:/Users/chenshifeng/MyCode/PythonCode/SFtest/ui/conf/web/koubei/main_page.yml
[2021-05-03 13:00:39,423] [DEBUG] [base.py:parse_yaml:74] parse_yaml.func_name:login
[2021-05-03 13:00:39,429] [DEBUG] [base.py:find:62] find.by:id
[2021-05-03 13:00:39,429] [DEBUG] [base.py:find:63] find.locator:J-qrcode-target
[2021-05-03 13:00:40,694] [DEBUG] [base.py:find:62] find.by:id
[2021-05-03 13:00:40,694] [DEBUG] [base.py:find:63] find.locator:J-input-user
[2021-05-03 13:00:42,291] [DEBUG] [base.py:find:62] find.by:id
[2021-05-03 13:00:42,291] [DEBUG] [base.py:find:63] find.locator:password_rsainput
[2021-05-03 13:00:43,544] [DEBUG] [base.py:find:62] find.by:id
[2021-05-03 13:00:43,545] [DEBUG] [base.py:find:63] find.locator:J-login-btn
[2021-05-03 13:03:25,135] [DEBUG] [base.py:parse_yaml:73] parse_yaml.path:/Users/chenshifeng/MyCode/PythonCode/SFtest/ui/conf/web/koubei/pintuan_page.yml
[2021-05-03 13:03:25,135] [DEBUG] [base.py:parse_yaml:74] parse_yaml.func_name:selection_button
[2021-05-03 13:03:25,141] [DEBUG] [base.py:find:62] find.by:xpath
[2021-05-03 13:03:25,141] [DEBUG] [base.py:find:63] find.locator://*[contains(@class,"anticon-plus")]
[2021-05-03 13:03:25,754] [DEBUG] [base.py:parse_yaml:73] parse_yaml.path:/Users/chenshifeng/MyCode/PythonCode/SFtest/ui/conf/web/koubei/pintuan_page.yml
[2021-05-03 13:03:25,755] [DEBUG] [base.py:parse_yaml:74] parse_yaml.func_name:item_table
[2021-05-03 13:03:25,757] [DEBUG] [base.py:find:62] find.by:xpath
[2021-05-03 13:03:25,757] [DEBUG] [base.py:find:63] find.locator:(//*[@class="ant-table-tbody"]//*[@class="ant-radio-wrapper"])[1]
[2021-05-03 13:03:27,398] [DEBUG] [base.py:parse_yaml:73] parse_yaml.path:/Users/chenshifeng/MyCode/PythonCode/SFtest/ui/conf/web/koubei/pintuan_page.yml
[2021-05-03 13:03:27,399] [DEBUG] [base.py:parse_yaml:74] parse_yaml.func_name:confirm_button
[2021-05-03 13:03:27,401] [DEBUG] [base.py:find:62] find.by:xpath
[2021-05-03 13:03:27,401] [DEBUG] [base.py:find:63] find.locator://*[@class="ant-modal-footer"]/button[span="确 定"]
[2021-05-03 13:05:12,905] [DEBUG] [base.py:parse_yaml:73] parse_yaml.path:/Users/chenshifeng/MyCode/PythonCode/SFtest/ui/conf/web/koubei/main_page.yml
[2021-05-03 13:05:12,907] [DEBUG] [base.py:parse_yaml:74] parse_yaml.func_name:login
[2021-05-03 13:05:14,113] [DEBUG] [base.py:find:62] find.by:id
[2021-05-03 13:05:14,113] [DEBUG] [base.py:find:63] find.locator:J-qrcode-target
[2021-05-03 13:05:15,480] [DEBUG] [base.py:find:62] find.by:id
[2021-05-03 13:05:15,480] [DEBUG] [base.py:find:63] find.locator:J-input-user
[2021-05-03 13:05:17,159] [DEBUG] [base.py:find:62] find.by:id
[2021-05-03 13:05:17,160] [DEBUG] [base.py:find:63] find.locator:password_rsainput
[2021-05-03 13:05:18,427] [DEBUG] [base.py:find:62] find.by:id
[2021-05-03 13:05:18,428] [DEBUG] [base.py:find:63] find.locator:J-login-btn
[2021-05-03 13:05:27,954] [DEBUG] [base.py:parse_yaml:73] parse_yaml.path:/Users/chenshifeng/MyCode/PythonCode/SFtest/ui/conf/web/koubei/pintuan_page.yml
[2021-05-03 13:05:27,955] [DEBUG] [base.py:parse_yaml:74] parse_yaml.func_name:selection_button
[2021-05-03 13:05:28,523] [DEBUG] [base.py:find:62] find.by:xpath
[2021-05-03 13:05:28,523] [DEBUG] [base.py:find:63] find.locator://*[contains(@class,"anticon-plus")]
[2021-05-03 13:05:28,627] [DEBUG] [base.py:parse_yaml:73] parse_yaml.path:/Users/chenshifeng/MyCode/PythonCode/SFtest/ui/conf/web/koubei/pintuan_page.yml
[2021-05-03 13:05:28,628] [DEBUG] [base.py:parse_yaml:74] parse_yaml.func_name:item_table
[2021-05-03 13:05:29,272] [DEBUG] [base.py:find:62] find.by:xpath
[2021-05-03 13:05:29,272] [DEBUG] [base.py:find:63] find.locator:(//*[@class="ant-table-tbody"]//*[@class="ant-radio-wrapper"])[1]
[2021-05-03 13:05:29,374] [DEBUG] [base.py:parse_yaml:73] parse_yaml.path:/Users/chenshifeng/MyCode/PythonCode/SFtest/ui/conf/web/koubei/pintuan_page.yml
[2021-05-03 13:05:29,375] [DEBUG] [base.py:parse_yaml:74] parse_yaml.func_name:confirm_button
[2021-05-03 13:05:30,125] [DEBUG] [base.py:find:62] find.by:xpath
[2021-05-03 13:05:30,125] [DEBUG] [base.py:find:63] find.locator://*[@class="ant-modal-footer"]/button[span="确 定"]
[2021-05-03 16:41:31,074] [DEBUG] [base.py:parse_yaml:73] parse_yaml.path:/Users/chenshifeng/MyCode/PythonCode/SFtest/ui/conf/web/koubei/main_page.yml
[2021-05-03 16:41:31,076] [DEBUG] [base.py:parse_yaml:74] parse_yaml.func_name:login
[2021-05-03 16:44:11,584] [DEBUG] [base.py:parse_yaml:73] parse_yaml.path:/Users/chenshifeng/MyCode/PythonCode/SFtest/ui/conf/web/koubei/main_page.yml
[2021-05-03 16:44:11,585] [DEBUG] [base.py:parse_yaml:74] parse_yaml.func_name:login
[2021-05-03 16:44:12,707] [DEBUG] [base.py:find:62] find.by:id
[2021-05-03 16:44:12,707] [DEBUG] [base.py:find:63] find.locator:J-qrcode-target
[2021-05-03 16:44:14,064] [DEBUG] [base.py:find:62] find.by:id
[2021-05-03 16:44:14,065] [DEBUG] [base.py:find:63] find.locator:J-input-user
[2021-05-03 16:44:15,661] [DEBUG] [base.py:find:62] find.by:id
[2021-05-03 16:44:15,662] [DEBUG] [base.py:find:63] find.locator:password_rsainput
[2021-05-03 16:44:16,848] [DEBUG] [base.py:find:62] find.by:id
[2021-05-03 16:44:16,848] [DEBUG] [base.py:find:63] find.locator:J-login-btn
[2021-05-03 16:44:25,529] [DEBUG] [base.py:parse_yaml:73] parse_yaml.path:/Users/chenshifeng/MyCode/PythonCode/SFtest/ui/conf/web/koubei/pintuan_page.yml
[2021-05-03 16:44:25,529] [DEBUG] [base.py:parse_yaml:74] parse_yaml.func_name:selection_button
[2021-05-03 16:44:26,024] [DEBUG] [base.py:find:62] find.by:xpath
[2021-05-03 16:44:26,024] [DEBUG] [base.py:find:63] find.locator://*[contains(@class,"anticon-plus")]
[2021-05-03 17:14:38,602] [DEBUG] [base.py:parse_yaml:73] parse_yaml.path:/Users/chenshifeng/MyCode/PythonCode/SFtest/ui/conf/web/koubei/main_page.yml
[2021-05-03 17:14:38,604] [DEBUG] [base.py:parse_yaml:74] parse_yaml.func_name:login
[2021-05-03 17:14:39,777] [DEBUG] [base.py:find:62] find.by:id
[2021-05-03 17:14:39,778] [DEBUG] [base.py:find:63] find.locator:J-qrcode-target
[2021-05-03 17:14:41,108] [DEBUG] [base.py:find:62] find.by:id
[2021-05-03 17:14:41,109] [DEBUG] [base.py:find:63] find.locator:J-input-user
[2021-05-03 17:14:42,777] [DEBUG] [base.py:find:62] find.by:id
[2021-05-03 17:14:42,777] [DEBUG] [base.py:find:63] find.locator:password_rsainput
[2021-05-03 17:14:44,028] [DEBUG] [base.py:find:62] find.by:id
[2021-05-03 17:14:44,028] [DEBUG] [base.py:find:63] find.locator:J-login-btn
[2021-05-03 17:14:52,746] [DEBUG] [base.py:parse_yaml:73] parse_yaml.path:/Users/chenshifeng/MyCode/PythonCode/SFtest/ui/conf/web/koubei/pintuan_page.yml
[2021-05-03 17:14:52,746] [DEBUG] [base.py:parse_yaml:74] parse_yaml.func_name:selection_button
[2021-05-03 17:17:10,157] [DEBUG] [base.py:parse_yaml:73] parse_yaml.path:/Users/chenshifeng/MyCode/PythonCode/SFtest/ui/conf/web/koubei/main_page.yml
[2021-05-03 17:17:10,158] [DEBUG] [base.py:parse_yaml:74] parse_yaml.func_name:login
[2021-05-03 17:17:11,282] [DEBUG] [base.py:find:62] find.by:id
[2021-05-03 17:17:11,282] [DEBUG] [base.py:find:63] find.locator:J-qrcode-target
[2021-05-03 17:17:12,517] [DEBUG] [base.py:find:62] find.by:id
[2021-05-03 17:17:12,518] [DEBUG] [base.py:find:63] find.locator:J-input-user
[2021-05-03 17:17:14,104] [DEBUG] [base.py:find:62] find.by:id
[2021-05-03 17:17:14,104] [DEBUG] [base.py:find:63] find.locator:password_rsainput
[2021-05-03 17:17:15,287] [DEBUG] [base.py:find:62] find.by:id
[2021-05-03 17:17:15,287] [DEBUG] [base.py:find:63] find.locator:J-login-btn
[2021-05-03 17:19:54,710] [DEBUG] [base.py:parse_yaml:73] parse_yaml.path:/Users/chenshifeng/MyCode/PythonCode/SFtest/ui/conf/web/koubei/pintuan_page.yml
[2021-05-03 17:19:54,711] [DEBUG] [base.py:parse_yaml:74] parse_yaml.func_name:selection_button
[2021-05-03 17:19:55,233] [DEBUG] [base.py:find:62] find.by:xpath
[2021-05-03 17:19:55,233] [DEBUG] [base.py:find:63] find.locator://*[contains(@class,"anticon-plus")]
[2021-05-03 17:19:55,328] [DEBUG] [base.py:parse_yaml:73] parse_yaml.path:/Users/chenshifeng/MyCode/PythonCode/SFtest/ui/conf/web/koubei/pintuan_page.yml
[2021-05-03 17:19:55,329] [DEBUG] [base.py:parse_yaml:74] parse_yaml.func_name:item_table
[2021-05-03 17:19:55,857] [DEBUG] [base.py:find:62] find.by:xpath
[2021-05-03 17:19:55,857] [DEBUG] [base.py:find:63] find.locator:(//*[@class="ant-table-tbody"]//*[@class="ant-radio-wrapper"])[1]
[2021-05-03 17:19:56,462] [DEBUG] [base.py:parse_yaml:73] parse_yaml.path:/Users/chenshifeng/MyCode/PythonCode/SFtest/ui/conf/web/koubei/pintuan_page.yml
[2021-05-03 17:19:56,463] [DEBUG] [base.py:parse_yaml:74] parse_yaml.func_name:confirm_button
[2021-05-03 17:19:57,022] [DEBUG] [base.py:find:62] find.by:xpath
[2021-05-03 17:19:57,022] [DEBUG] [base.py:find:63] find.locator://*[@class="ant-modal-footer"]/button[span="确 定"]
[2021-05-03 21:47:07,134] [DEBUG] [base.py:parse_yaml:72] parse_yaml.path:/Users/chenshifeng/MyCode/PythonCode/SFtest/ui/conf/web/koubei/main_page.yml
[2021-05-03 21:47:07,135] [DEBUG] [base.py:parse_yaml:73] parse_yaml.func_name:login
[2021-05-03 21:47:08,328] [DEBUG] [base.py:find:61] find.by:id
[2021-05-03 21:47:08,328] [DEBUG] [base.py:find:62] find.locator:J-qrcode-target
[2021-05-03 21:47:09,695] [DEBUG] [base.py:find:61] find.by:id
[2021-05-03 21:47:09,695] [DEBUG] [base.py:find:62] find.locator:J-input-user
[2021-05-03 21:47:11,395] [DEBUG] [base.py:find:61] find.by:id
[2021-05-03 21:47:11,395] [DEBUG] [base.py:find:62] find.locator:password_rsainput
[2021-05-03 21:47:12,661] [DEBUG] [base.py:find:61] find.by:id
[2021-05-03 21:47:12,662] [DEBUG] [base.py:find:62] find.locator:J-login-btn
[2021-05-03 21:49:54,307] [DEBUG] [base.py:parse_yaml:72] parse_yaml.path:/Users/chenshifeng/MyCode/PythonCode/SFtest/ui/conf/web/koubei/pintuan_page.yml
[2021-05-03 21:49:54,308] [DEBUG] [base.py:parse_yaml:73] parse_yaml.func_name:selection_button
[2021-05-03 21:49:54,906] [DEBUG] [base.py:find:61] find.by:xpath
[2021-05-03 21:49:54,906] [DEBUG] [base.py:find:62] find.locator://*[contains(@class,"anticon-plus")]
[2021-05-03 21:49:55,010] [DEBUG] [base.py:parse_yaml:72] parse_yaml.path:/Users/chenshifeng/MyCode/PythonCode/SFtest/ui/conf/web/koubei/pintuan_page.yml
[2021-05-03 21:49:55,010] [DEBUG] [base.py:parse_yaml:73] parse_yaml.func_name:item_table
[2021-05-03 21:49:55,632] [DEBUG] [base.py:find:61] find.by:xpath
[2021-05-03 21:49:55,632] [DEBUG] [base.py:find:62] find.locator:(//*[@class="ant-table-tbody"]//*[@class="ant-radio-wrapper"])[1]
[2021-05-03 21:49:56,251] [DEBUG] [base.py:parse_yaml:72] parse_yaml.path:/Users/chenshifeng/MyCode/PythonCode/SFtest/ui/conf/web/koubei/pintuan_page.yml
[2021-05-03 21:49:56,252] [DEBUG] [base.py:parse_yaml:73] parse_yaml.func_name:confirm_button
[2021-05-03 21:49:56,901] [DEBUG] [base.py:find:61] find.by:xpath
[2021-05-03 21:49:56,902] [DEBUG] [base.py:find:62] find.locator://*[@class="ant-modal-footer"]/button[span="确 定"]
[2021-05-03 21:56:40,133] [DEBUG] [base.py:parse_yaml:72] parse_yaml.path:/Users/chenshifeng/MyCode/PythonCode/SFtest/ui/conf/web/koubei/main_page.yml
[2021-05-03 21:56:40,134] [DEBUG] [base.py:parse_yaml:73] parse_yaml.func_name:login
[2021-05-03 21:56:41,301] [DEBUG] [base.py:find:61] find.by:id
[2021-05-03 21:56:41,302] [DEBUG] [base.py:find:62] find.locator:J-qrcode-target
[2021-05-03 21:56:42,662] [DEBUG] [base.py:find:61] find.by:id
[2021-05-03 21:56:42,662] [DEBUG] [base.py:find:62] find.locator:J-input-user
[2021-05-03 21:56:44,322] [DEBUG] [base.py:find:61] find.by:id
[2021-05-03 21:56:44,322] [DEBUG] [base.py:find:62] find.locator:password_rsainput
[2021-05-03 21:56:45,580] [DEBUG] [base.py:find:61] find.by:id
[2021-05-03 21:56:45,580] [DEBUG] [base.py:find:62] find.locator:J-login-btn
[2021-05-03 21:56:54,671] [DEBUG] [base.py:parse_yaml:72] parse_yaml.path:/Users/chenshifeng/MyCode/PythonCode/SFtest/ui/conf/web/koubei/pintuan_page.yml
[2021-05-03 21:56:54,672] [DEBUG] [base.py:parse_yaml:73] parse_yaml.func_name:selection_button
[2021-05-03 21:56:55,231] [DEBUG] [base.py:find:61] find.by:xpath
[2021-05-03 21:56:55,232] [DEBUG] [base.py:find:62] find.locator://*[contains(@class,"anticon-plus")]
[2021-05-03 21:56:55,329] [DEBUG] [base.py:parse_yaml:72] parse_yaml.path:/Users/chenshifeng/MyCode/PythonCode/SFtest/ui/conf/web/koubei/pintuan_page.yml
[2021-05-03 21:56:55,329] [DEBUG] [base.py:parse_yaml:73] parse_yaml.func_name:item_table
[2021-05-03 21:56:55,951] [DEBUG] [base.py:find:61] find.by:xpath
[2021-05-03 21:56:55,951] [DEBUG] [base.py:find:62] find.locator:(//*[@class="ant-table-tbody"]//*[@class="ant-radio-wrapper"])[1]
[2021-05-03 21:56:56,124] [DEBUG] [base.py:parse_yaml:72] parse_yaml.path:/Users/chenshifeng/MyCode/PythonCode/SFtest/ui/conf/web/koubei/pintuan_page.yml
[2021-05-03 21:56:56,124] [DEBUG] [base.py:parse_yaml:73] parse_yaml.func_name:confirm_button
[2021-05-03 21:56:56,835] [DEBUG] [base.py:find:61] find.by:xpath
[2021-05-03 21:56:56,835] [DEBUG] [base.py:find:62] find.locator://*[@class="ant-modal-footer"]/button[span="确 定"]
[2021-05-03 22:00:07,857] [DEBUG] [base.py:parse_yaml:72] parse_yaml.path:/Users/chenshifeng/MyCode/PythonCode/SFtest/ui/conf/web/koubei/main_page.yml
[2021-05-03 22:00:07,858] [DEBUG] [base.py:parse_yaml:73] parse_yaml.func_name:login
[2021-05-03 22:00:09,016] [DEBUG] [base.py:find:61] find.by:id
[2021-05-03 22:00:09,016] [DEBUG] [base.py:find:62] find.locator:J-qrcode-target
[2021-05-03 22:00:10,351] [DEBUG] [base.py:find:61] find.by:id
[2021-05-03 22:00:10,351] [DEBUG] [base.py:find:62] find.locator:J-input-user
[2021-05-03 22:00:12,059] [DEBUG] [base.py:find:61] find.by:id
[2021-05-03 22:00:12,059] [DEBUG] [base.py:find:62] find.locator:password_rsainput
[2021-05-03 22:00:13,316] [DEBUG] [base.py:find:61] find.by:id
[2021-05-03 22:00:13,316] [DEBUG] [base.py:find:62] find.locator:J-login-btn
[2021-05-03 22:00:19,986] [DEBUG] [base.py:parse_yaml:72] parse_yaml.path:/Users/chenshifeng/MyCode/PythonCode/SFtest/ui/conf/web/koubei/pintuan_page.yml
[2021-05-03 22:00:19,986] [DEBUG] [base.py:parse_yaml:73] parse_yaml.func_name:selection_button
[2021-05-03 22:00:20,530] [DEBUG] [base.py:find:61] find.by:xpath
[2021-05-03 22:00:20,530] [DEBUG] [base.py:find:62] find.locator://*[contains(@class,"anticon-plus")]
[2021-05-03 22:00:20,624] [DEBUG] [base.py:parse_yaml:72] parse_yaml.path:/Users/chenshifeng/MyCode/PythonCode/SFtest/ui/conf/web/koubei/pintuan_page.yml
[2021-05-03 22:00:20,624] [DEBUG] [base.py:parse_yaml:73] parse_yaml.func_name:item_table
[2021-05-03 22:00:21,275] [DEBUG] [base.py:find:61] find.by:xpath
[2021-05-03 22:00:21,275] [DEBUG] [base.py:find:62] find.locator:(//*[@class="ant-table-tbody"]//*[@class="ant-radio-wrapper"])[1]
[2021-05-03 22:00:21,378] [DEBUG] [base.py:parse_yaml:72] parse_yaml.path:/Users/chenshifeng/MyCode/PythonCode/SFtest/ui/conf/web/koubei/pintuan_page.yml
[2021-05-03 22:00:21,378] [DEBUG] [base.py:parse_yaml:73] parse_yaml.func_name:confirm_button
[2021-05-03 22:00:22,109] [DEBUG] [base.py:find:61] find.by:xpath
[2021-05-03 22:00:22,110] [DEBUG] [base.py:find:62] find.locator://*[@class="ant-modal-footer"]/button[span="确 定"]
[2021-05-03 22:07:20,231] [DEBUG] [base.py:parse_yaml:72] parse_yaml.path:/Users/chenshifeng/MyCode/PythonCode/SFtest/ui/conf/web/koubei/main_page.yml
[2021-05-03 22:07:20,232] [DEBUG] [base.py:parse_yaml:73] parse_yaml.func_name:login
[2021-05-03 22:07:21,333] [DEBUG] [base.py:find:61] find.by:id
[2021-05-03 22:07:21,334] [DEBUG] [base.py:find:62] find.locator:J-qrcode-target
[2021-05-03 22:07:22,571] [DEBUG] [base.py:find:61] find.by:id
[2021-05-03 22:07:22,571] [DEBUG] [base.py:find:62] find.locator:J-input-user
[2021-05-03 22:07:24,114] [DEBUG] [base.py:find:61] find.by:id
[2021-05-03 22:07:24,114] [DEBUG] [base.py:find:62] find.locator:password_rsainput
[2021-05-03 22:07:25,299] [DEBUG] [base.py:find:61] find.by:id
[2021-05-03 22:07:25,300] [DEBUG] [base.py:find:62] find.locator:J-login-btn
[2021-05-03 22:07:33,254] [DEBUG] [base.py:parse_yaml:72] parse_yaml.path:/Users/chenshifeng/MyCode/PythonCode/SFtest/ui/conf/web/koubei/pintuan_page.yml
[2021-05-03 22:07:33,255] [DEBUG] [base.py:parse_yaml:73] parse_yaml.func_name:selection_button
[2021-05-03 22:07:33,757] [DEBUG] [base.py:find:61] find.by:xpath
[2021-05-03 22:07:33,757] [DEBUG] [base.py:find:62] find.locator://*[contains(@class,"anticon-plus")]
[2021-05-03 22:07:33,841] [DEBUG] [base.py:parse_yaml:72] parse_yaml.path:/Users/chenshifeng/MyCode/PythonCode/SFtest/ui/conf/web/koubei/pintuan_page.yml
[2021-05-03 22:07:33,841] [DEBUG] [base.py:parse_yaml:73] parse_yaml.func_name:item_table
[2021-05-03 22:07:34,359] [DEBUG] [base.py:find:61] find.by:xpath
[2021-05-03 22:07:34,359] [DEBUG] [base.py:find:62] find.locator:(//*[@class="ant-table-tbody"]//*[@class="ant-radio-wrapper"])[1]
[2021-05-03 22:07:34,957] [DEBUG] [base.py:parse_yaml:72] parse_yaml.path:/Users/chenshifeng/MyCode/PythonCode/SFtest/ui/conf/web/koubei/pintuan_page.yml
[2021-05-03 22:07:34,957] [DEBUG] [base.py:parse_yaml:73] parse_yaml.func_name:confirm_button
[2021-05-03 22:07:35,523] [DEBUG] [base.py:find:61] find.by:xpath
[2021-05-03 22:07:35,523] [DEBUG] [base.py:find:62] find.locator://*[@class="ant-modal-footer"]/button[span="确 定"]
[2021-05-03 22:09:06,522] [DEBUG] [base.py:parse_yaml:72] parse_yaml.path:/Users/chenshifeng/MyCode/PythonCode/SFtest/ui/conf/web/koubei/main_page.yml
[2021-05-03 22:09:06,523] [DEBUG] [base.py:parse_yaml:73] parse_yaml.func_name:login
[2021-05-03 22:09:07,645] [DEBUG] [base.py:find:61] find.by:id
[2021-05-03 22:09:07,645] [DEBUG] [base.py:find:62] find.locator:J-qrcode-target
[2021-05-03 22:09:08,886] [DEBUG] [base.py:find:61] find.by:id
[2021-05-03 22:09:08,887] [DEBUG] [base.py:find:62] find.locator:J-input-user
[2021-05-03 22:09:10,438] [DEBUG] [base.py:find:61] find.by:id
[2021-05-03 22:09:10,438] [DEBUG] [base.py:find:62] find.locator:password_rsainput
[2021-05-03 22:09:11,636] [DEBUG] [base.py:find:61] find.by:id
[2021-05-03 22:09:11,636] [DEBUG] [base.py:find:62] find.locator:J-login-btn
[2021-05-03 22:11:51,313] [DEBUG] [base.py:parse_yaml:72] parse_yaml.path:/Users/chenshifeng/MyCode/PythonCode/SFtest/ui/conf/web/koubei/pintuan_page.yml
[2021-05-03 22:11:51,313] [DEBUG] [base.py:parse_yaml:73] parse_yaml.func_name:selection_button
[2021-05-03 22:11:51,887] [DEBUG] [base.py:find:61] find.by:xpath
[2021-05-03 22:11:51,887] [DEBUG] [base.py:find:62] find.locator://*[contains(@class,"anticon-plus")]
[2021-05-03 22:11:51,988] [DEBUG] [base.py:parse_yaml:72] parse_yaml.path:/Users/chenshifeng/MyCode/PythonCode/SFtest/ui/conf/web/koubei/pintuan_page.yml
[2021-05-03 22:11:51,989] [DEBUG] [base.py:parse_yaml:73] parse_yaml.func_name:item_table
[2021-05-03 22:11:52,528] [DEBUG] [base.py:find:61] find.by:xpath
[2021-05-03 22:11:52,528] [DEBUG] [base.py:find:62] find.locator:(//*[@class="ant-table-tbody"]//*[@class="ant-radio-wrapper"])[1]
[2021-05-03 22:11:53,131] [DEBUG] [base.py:parse_yaml:72] parse_yaml.path:/Users/chenshifeng/MyCode/PythonCode/SFtest/ui/conf/web/koubei/pintuan_page.yml
[2021-05-03 22:11:53,131] [DEBUG] [base.py:parse_yaml:73] parse_yaml.func_name:confirm_button
[2021-05-03 22:11:53,675] [DEBUG] [base.py:find:61] find.by:xpath
[2021-05-03 22:11:53,675] [DEBUG] [base.py:find:62] find.locator://*[@class="ant-modal-footer"]/button[span="确 定"]
[2021-05-03 22:12:36,078] [DEBUG] [base.py:parse_yaml:72] parse_yaml.path:/Users/chenshifeng/MyCode/PythonCode/SFtest/ui/conf/web/koubei/main_page.yml
[2021-05-03 22:12:36,079] [DEBUG] [base.py:parse_yaml:73] parse_yaml.func_name:login
[2021-05-03 22:12:37,175] [DEBUG] [base.py:find:61] find.by:id
[2021-05-03 22:12:37,176] [DEBUG] [base.py:find:62] find.locator:J-qrcode-target
[2021-05-03 22:12:38,404] [DEBUG] [base.py:find:61] find.by:id
[2021-05-03 22:12:38,404] [DEBUG] [base.py:find:62] find.locator:J-input-user
[2021-05-03 22:12:39,952] [DEBUG] [base.py:find:61] find.by:id
[2021-05-03 22:12:39,952] [DEBUG] [base.py:find:62] find.locator:password_rsainput
[2021-05-03 22:12:41,153] [DEBUG] [base.py:find:61] find.by:id
[2021-05-03 22:12:41,153] [DEBUG] [base.py:find:62] find.locator:J-login-btn
[2021-05-03 22:15:21,287] [DEBUG] [base.py:parse_yaml:72] parse_yaml.path:/Users/chenshifeng/MyCode/PythonCode/SFtest/ui/conf/web/koubei/pintuan_page.yml
[2021-05-03 22:15:21,288] [DEBUG] [base.py:parse_yaml:73] parse_yaml.func_name:selection_button
[2021-05-03 22:15:21,845] [DEBUG] [base.py:find:61] find.by:xpath
[2021-05-03 22:15:21,846] [DEBUG] [base.py:find:62] find.locator://*[contains(@class,"anticon-plus")]
[2021-05-03 22:15:21,945] [DEBUG] [base.py:parse_yaml:72] parse_yaml.path:/Users/chenshifeng/MyCode/PythonCode/SFtest/ui/conf/web/koubei/pintuan_page.yml
[2021-05-03 22:15:21,945] [DEBUG] [base.py:parse_yaml:73] parse_yaml.func_name:item_table
[2021-05-03 22:15:22,472] [DEBUG] [base.py:find:61] find.by:xpath
[2021-05-03 22:15:22,472] [DEBUG] [base.py:find:62] find.locator:(//*[@class="ant-table-tbody"]//*[@class="ant-radio-wrapper"])[1]
[2021-05-03 22:15:23,073] [DEBUG] [base.py:parse_yaml:72] parse_yaml.path:/Users/chenshifeng/MyCode/PythonCode/SFtest/ui/conf/web/koubei/pintuan_page.yml
[2021-05-03 22:15:23,074] [DEBUG] [base.py:parse_yaml:73] parse_yaml.func_name:confirm_button
[2021-05-03 22:15:23,635] [DEBUG] [base.py:find:61] find.by:xpath
[2021-05-03 22:15:23,635] [DEBUG] [base.py:find:62] find.locator://*[@class="ant-modal-footer"]/button[span="确 定"]
